<?xml version="1.0" encoding="UTF-8"?>
<!-- Generated by org.testng.reporters.JUnitReportReporter -->
<testsuite hostname="DESKTOP-LG2RR3T" failures="0" tests="1" name="TestNg.Beforetest_Test_Aftertest_Annotation" time="0.024" errors="0" timestamp="2022-12-08T19:20:23 IST" skipped="0">
  <testcase classname="TestNg.Beforetest_Test_Aftertest_Annotation" name="verifyHomepageTitle" time="0.024"/>
  <system-out/>
</testsuite> <!-- TestNg.Beforetest_Test_Aftertest_Annotation -->
