<?xml version="1.0" encoding="UTF-8"?>
<!-- Generated by org.testng.reporters.JUnitReportReporter -->
<testsuite hostname="DESKTOP-LG2RR3T" failures="0" tests="1" name="TestNg.FirstTestNg" time="21.211" errors="0" timestamp="2022-12-08T20:50:41 IST" skipped="0">
  <testcase classname="TestNg.FirstTestNg" name="verifyHomepageTitle" time="21.211"/>
  <system-out/>
</testsuite> <!-- TestNg.FirstTestNg -->
