<?xml version="1.0" encoding="UTF-8"?>
<!-- Generated by org.testng.reporters.JUnitReportReporter -->
<testsuite hostname="DESKTOP-LG2RR3T" failures="0" tests="1" name="TestNg.First.FirstTestNg" time="5.146" errors="0" timestamp="2022-12-08T19:04:23 IST" skipped="0">
  <testcase classname="TestNg.First.FirstTestNg" name="verifyHomepageTitle" time="5.146"/>
  <system-out/>
</testsuite> <!-- TestNg.First.FirstTestNg -->
